\BOOKMARK [1][-]{section.1}{\376\377\000E\000i\000n\000l\000e\000i\000t\000u\000n\000g}{}% 1
\BOOKMARK [2][-]{subsection.1.1}{\376\377\000A\000u\000s\000g\000a\000n\000g\000s\000l\000a\000g\000e}{section.1}% 2
\BOOKMARK [2][-]{subsection.1.2}{\376\377\000Z\000i\000e\000l\000s\000e\000t\000z\000u\000n\000g}{section.1}% 3
\BOOKMARK [2][-]{subsection.1.3}{\376\377\000M\000e\000i\000l\000e\000n\000s\000t\000e\000i\000n\000e}{section.1}% 4
\BOOKMARK [1][-]{section.2}{\376\377\000R\000e\000q\000u\000i\000r\000e\000m\000e\000n\000t\000s\000\040\000E\000n\000g\000i\000n\000e\000e\000r\000i\000n\000g}{}% 5
\BOOKMARK [1][-]{section.3}{\376\377\000T\000e\000c\000h\000n\000i\000s\000c\000h\000e\000\040\000A\000u\000s\000g\000a\000n\000g\000s\000l\000a\000g\000e}{}% 6
\BOOKMARK [2][-]{subsection.3.1}{\376\377\000D\000e\000s\000i\000g\000n\000\040\000S\000p\000a\000c\000e\000\040\000E\000x\000p\000l\000o\000r\000a\000t\000i\000o\000n}{section.3}% 7
\BOOKMARK [3][-]{subsubsection.3.1.1}{\376\377\000M\000C\000U\000-\000A\000u\000s\000w\000a\000h\000l\000:\000\040\000E\000S\000P\0003\0002\000-\000S\0003\000\040\000v\000s\000.\000\040\000E\000S\000P\0003\0002\000-\000C\0003}{subsection.3.1}% 8
\BOOKMARK [3][-]{subsubsection.3.1.2}{\376\377\000E\000v\000a\000l\000u\000a\000t\000i\000o\000n\000\040\000k\000o\000m\000m\000e\000r\000z\000i\000e\000l\000l\000e\000r\000\040\000B\000o\000a\000r\000d\000s}{subsection.3.1}% 9
\BOOKMARK [3][-]{subsubsection.3.1.3}{\376\377\000K\000o\000m\000m\000u\000n\000i\000k\000a\000t\000i\000o\000n\000s\000s\000t\000r\000a\000t\000e\000g\000i\000e}{subsection.3.1}% 10
\BOOKMARK [1][-]{section.4}{\376\377\000I\000m\000p\000l\000e\000m\000e\000n\000t\000a\000t\000i\000o\000n\000\040\000H\000a\000r\000d\000w\000a\000r\000e}{}% 11
\BOOKMARK [2][-]{subsection.4.1}{\376\377\000D\000i\000m\000e\000n\000s\000i\000o\000n\000i\000e\000r\000u\000n\000g\000\040\000d\000e\000r\000\040\000S\000p\000a\000n\000n\000u\000n\000g\000s\000v\000e\000r\000s\000o\000r\000g\000u\000n\000g\000\040\000\050\000B\000u\000c\000k\000-\000B\000o\000o\000s\000t\000\051}{section.4}% 12
\BOOKMARK [3][-]{subsubsection.4.1.1}{\376\377\000B\000e\000r\000e\000c\000h\000n\000u\000n\000g\000\040\000d\000e\000s\000\040\000F\000e\000e\000d\000b\000a\000c\000k\000-\000N\000e\000t\000z\000w\000e\000r\000k\000s}{subsection.4.1}% 13
\BOOKMARK [3][-]{subsubsection.4.1.2}{\376\377\000O\000p\000t\000i\000m\000i\000e\000r\000u\000n\000g\000\040\000d\000e\000r\000\040\000P\000e\000r\000i\000p\000h\000e\000r\000i\000e\000b\000e\000s\000c\000h\000a\000l\000t\000u\000n\000g}{subsection.4.1}% 14
\BOOKMARK [3][-]{subsubsection.4.1.3}{\376\377\000V\000e\000r\000s\000u\000c\000h\000s\000a\000u\000f\000b\000a\000u\000:\000\040\0003\000,\0003\000V\000\040\000v\000s\000.\000\040\0003\000,\0000\000V}{subsection.4.1}% 15
\BOOKMARK [2][-]{subsection.4.2}{\376\377\000E\000n\000e\000r\000g\000i\000e\000v\000e\000r\000s\000o\000r\000g\000u\000n\000g\000\040\000\050\000P\000o\000w\000e\000r\000\040\000S\000u\000p\000p\000l\000y\000\051}{section.4}% 16
\BOOKMARK [2][-]{subsection.4.3}{\376\377\000E\000i\000n\000f\000l\000u\000s\000s\000\040\000d\000e\000r\000\040\000E\000n\000t\000l\000a\000d\000e\000k\000u\000r\000v\000e\000\040\000a\000u\000f\000\040\000d\000i\000e\000\040\000E\000f\000f\000i\000z\000i\000e\000n\000z}{section.4}% 17
\BOOKMARK [3][-]{subsubsection.4.3.1}{\376\377\000D\000i\000e\000\040\000L\000D\000O\000-\000E\000f\000f\000i\000z\000i\000e\000n\000z\000-\000K\000u\000r\000v\000e}{subsection.4.3}% 18
\BOOKMARK [3][-]{subsubsection.4.3.2}{\376\377\000D\000y\000n\000a\000m\000i\000k\000\040\000d\000e\000s\000\040\000B\000r\000e\000a\000k\000-\000E\000v\000e\000n\000-\000P\000u\000n\000k\000t\000s}{subsection.4.3}% 19
\BOOKMARK [3][-]{subsubsection.4.3.3}{\376\377\000Z\000u\000s\000a\000m\000m\000e\000n\000f\000a\000s\000s\000e\000n\000d\000e\000\040\000B\000e\000w\000e\000r\000t\000u\000n\000g\000\040\000f\000\374\000r\000\040\000d\000i\000e\000\040\000H\000a\000r\000d\000w\000a\000r\000e\000w\000a\000h\000l}{subsection.4.3}% 20
\BOOKMARK [2][-]{subsection.4.4}{\376\377\000S\000e\000n\000s\000o\000r\000i\000k\000:\000\040\000W\000\344\000g\000e\000z\000e\000l\000l\000e\000n\000\040\000u\000n\000d\000\040\000A\000D\000C}{section.4}% 21
\BOOKMARK [3][-]{subsubsection.4.4.1}{\376\377\000W\000\344\000g\000e\000z\000e\000l\000l\000e\000n\000\040\000\050\000Y\000Z\000C\000-\0001\0003\0003\000\051}{subsection.4.4}% 22
\BOOKMARK [3][-]{subsubsection.4.4.2}{\376\377\000A\000D\000S\0001\0002\0003\0004\000\040\040\023\000\040\0004\000-\000K\000a\000n\000a\000l\000-\0002\0004\000-\000B\000i\000t\000-\000A\000D\000C}{subsection.4.4}% 23
\BOOKMARK [3][-]{subsubsection.4.4.3}{\376\377\000V\000o\000n\000\040\000e\000i\000n\000e\000m\000\040\000a\000u\000f\000\040\000v\000i\000e\000r\000\040\000A\000D\000C\000-\000K\000a\000n\000\344\000l\000e}{subsection.4.4}% 24
\BOOKMARK [1][-]{section.5}{\376\377\000I\000m\000p\000l\000e\000m\000e\000n\000t\000a\000t\000i\000o\000n\000\040\000S\000o\000f\000t\000w\000a\000r\000e}{}% 25
\BOOKMARK [2][-]{subsection.5.1}{\376\377\000A\000D\000S\0001\0002\0003\0004\000\040\040\023\000\040\000A\000n\000s\000t\000e\000u\000e\000r\000u\000n\000g\000\040\000u\000n\000d\000\040\000K\000a\000l\000i\000b\000r\000i\000e\000r\000u\000n\000g}{section.5}% 26
\BOOKMARK [3][-]{subsubsection.5.1.1}{\376\377\000\334\000b\000e\000r\000b\000l\000i\000c\000k}{subsection.5.1}% 27
\BOOKMARK [3][-]{subsubsection.5.1.2}{\376\377\000S\000e\000r\000i\000e\000l\000l\000e\000s\000\040\000L\000e\000s\000e\000p\000r\000o\000t\000o\000k\000o\000l\000l}{subsection.5.1}% 28
\BOOKMARK [3][-]{subsubsection.5.1.3}{\376\377\000K\000a\000n\000a\000l\000w\000e\000c\000h\000s\000e\000l\000\040\000C\000H\0004\000\040\000\040\000C\000H\0001\000:\000\040\000P\000D\000W\000N\000-\000W\000o\000r\000k\000a\000r\000o\000u\000n\000d}{subsection.5.1}% 29
\BOOKMARK [3][-]{subsubsection.5.1.4}{\376\377\000K\000a\000l\000i\000b\000r\000i\000e\000r\000u\000n\000g}{subsection.5.1}% 30
\BOOKMARK [1][-]{section.6}{\376\377\000T\000e\000s\000t\000s\000\040\000u\000n\000d\000\040\000V\000a\000l\000i\000d\000i\000e\000r\000u\000n\000g}{}% 31
\BOOKMARK [1][-]{section.7}{\376\377\000F\000a\000z\000i\000t\000,\000\040\000D\000i\000s\000k\000u\000s\000s\000i\000o\000n\000\040\000u\000n\000d\000\040\000A\000u\000s\000b\000l\000i\000c\000k}{}% 32
